{"C:\\Users\\odhia\\Dropbox\\MICROVERSE\\Projects\\Module-2\\My-ToDo-List\\src\\modules\\deleteTodo.js": {"path":"C:\\Users\\odhia\\Dropbox\\MICROVERSE\\Projects\\Module-2\\My-ToDo-List\\src\\modules\\deleteTodo.js","statementMap":{"0":{"start":{"line":1,"column":19},"end":{"line":6,"column":1}},"1":{"start":{"line":2,"column":19},"end":{"line":2,"column":60}},"2":{"start":{"line":3,"column":19},"end":{"line":3,"column":67}},"3":{"start":{"line":3,"column":44},"end":{"line":3,"column":66}},"4":{"start":{"line":4,"column":2},"end":{"line":4,"column":58}},"5":{"start":{"line":5,"column":2},"end":{"line":5,"column":31}}},"fnMap":{"0":{"name":"(anonymous_0)","decl":{"start":{"line":1,"column":19},"end":{"line":1,"column":20}},"loc":{"start":{"line":1,"column":29},"end":{"line":6,"column":1}},"line":1},"1":{"name":"(anonymous_1)","decl":{"start":{"line":3,"column":35},"end":{"line":3,"column":36}},"loc":{"start":{"line":3,"column":44},"end":{"line":3,"column":66}},"line":3}},"branchMap":{},"s":{"0":1,"1":0,"2":0,"3":0,"4":0,"5":0},"f":{"0":0,"1":0},"b":{},"_coverageSchema":"1a1c01bbd47fc00a2c39e90264f33305004495a9","hash":"88328b81020730a2ee78ac8e5ad817e566f8acc0"}
,"C:\\Users\\odhia\\Dropbox\\MICROVERSE\\Projects\\Module-2\\My-ToDo-List\\src\\modules\\todo.js": {"path":"C:\\Users\\odhia\\Dropbox\\MICROVERSE\\Projects\\Module-2\\My-ToDo-List\\src\\modules\\todo.js","statementMap":{"0":{"start":{"line":3,"column":4},"end":{"line":3,"column":22}},"1":{"start":{"line":7,"column":20},"end":{"line":10,"column":5}},"2":{"start":{"line":11,"column":4},"end":{"line":11,"column":31}},"3":{"start":{"line":12,"column":25},"end":{"line":12,"column":66}},"4":{"start":{"line":13,"column":23},"end":{"line":13,"column":57}},"5":{"start":{"line":14,"column":4},"end":{"line":14,"column":62}},"6":{"start":{"line":15,"column":4},"end":{"line":15,"column":33}}},"fnMap":{"0":{"name":"(anonymous_0)","decl":{"start":{"line":2,"column":2},"end":{"line":2,"column":3}},"loc":{"start":{"line":2,"column":16},"end":{"line":4,"column":3}},"line":2},"1":{"name":"(anonymous_1)","decl":{"start":{"line":6,"column":2},"end":{"line":6,"column":3}},"loc":{"start":{"line":6,"column":16},"end":{"line":16,"column":3}},"line":6}},"branchMap":{},"s":{"0":1,"1":1,"2":1,"3":1,"4":1,"5":0,"6":0},"f":{"0":1,"1":1},"b":{},"_coverageSchema":"1a1c01bbd47fc00a2c39e90264f33305004495a9","hash":"1071f866c7691978a0ebc40a7588d3567e4cac3c"}
}
